<?xml version="1.0" encoding="UTF-8"?>
<!-- Generated by org.testng.reporters.JUnitReportReporter -->
<testsuite hostname="LAPTOP-J81SHHRK" failures="0" tests="1" name="New.TeacherEventTest" time="5.326" errors="0" timestamp="2024-07-19T14:58:36 IST" skipped="0">
  <testcase classname="New.TeacherEventTest" name="createEvent" time="5.326"/>
  <system-out/>
</testsuite> <!-- New.TeacherEventTest -->
