<?xml version="1.0" encoding="UTF-8"?>
<!-- Generated by org.testng.reporters.JUnitReportReporter -->
<testsuite hostname="LAPTOP-J81SHHRK" failures="0" tests="1" name="New.VerifyEvent" time="7.281" errors="0" timestamp="2024-07-19T17:50:28 IST" skipped="0">
  <testcase classname="New.VerifyEvent" name="verificationEvent" time="7.281"/>
  <system-out/>
</testsuite> <!-- New.VerifyEvent -->
