<?xml version="1.0" encoding="UTF-8"?>
<!-- Generated by org.testng.reporters.JUnitReportReporter -->
<testsuite hostname="LAPTOP-J81SHHRK" failures="0" tests="1" name="New.Sample" time="2.767" errors="0" timestamp="2024-07-20T12:12:48 IST" skipped="0">
  <testcase classname="New.Sample" name="add" time="2.767"/>
  <system-out/>
</testsuite> <!-- New.Sample -->
