<?xml version="1.0" encoding="UTF-8"?>
<!-- Generated by org.testng.reporters.JUnitReportReporter -->
<testsuite hostname="LAPTOP-J81SHHRK" failures="0" tests="1" name="New.StudentEventTest" time="7.286" errors="0" timestamp="2024-07-19T14:59:39 IST" skipped="0">
  <testcase classname="New.StudentEventTest" name="createEvent" time="7.286"/>
  <system-out/>
</testsuite> <!-- New.StudentEventTest -->
