<?xml version="1.0" encoding="UTF-8"?>
<!-- Generated by org.testng.reporters.JUnitReportReporter -->
<testsuite hostname="LAPTOP-J81SHHRK" failures="0" tests="1" name="New.SubjectRoutingTest" time="23.469" errors="0" timestamp="2024-07-19T16:05:28 IST" skipped="0">
  <testcase classname="New.SubjectRoutingTest" name="createSubjectRouting" time="23.469"/>
  <system-out/>
</testsuite> <!-- New.SubjectRoutingTest -->
