<?xml version="1.0" encoding="UTF-8"?>
<!-- Generated by org.testng.reporters.JUnitReportReporter -->
<testsuite hostname="LAPTOP-J81SHHRK" failures="0" tests="1" name="New.VerifyGrade" time="19.907" errors="0" timestamp="2024-07-20T12:00:43 IST" skipped="0">
  <testcase classname="New.VerifyGrade" name="gradeverification" time="19.907"/>
  <system-out/>
</testsuite> <!-- New.VerifyGrade -->
